2021-10-08 00:02:08.972  WARN 283854 --- [HikariPool-1 housekeeper] com.zaxxer.hikari.pool.HikariPool        : HikariPool-1 - Thread starvation or clock leap detected (housekeeper delta=1m4s413ms871µs52ns).
2021-10-08 00:02:09.078  INFO 283854 --- [SpringApplicationShutdownHook] com.zaxxer.hikari.HikariDataSource       : HikariPool-1 - Shutdown initiated...
2021-10-08 00:02:09.083  INFO 283854 --- [SpringApplicationShutdownHook] com.zaxxer.hikari.HikariDataSource       : HikariPool-1 - Shutdown completed.
2021-10-08 00:02:13.467  INFO 304146 --- [main] .a.t.e.TikOnlineJudgeExecutorApplication : Starting TikOnlineJudgeExecutorApplication using Java 1.8.0_292 on light-w650kjkk with PID 304146 (/home/light/code/tik-online-judge/tik-online-judge-executor/target/classes started by light in /home/light/code/tik-online-judge)
2021-10-08 00:02:13.472  INFO 304146 --- [main] .a.t.e.TikOnlineJudgeExecutorApplication : No active profile set, falling back to default profiles: default
2021-10-08 00:02:14.392  INFO 304146 --- [main] o.s.b.w.embedded.tomcat.TomcatWebServer  : Tomcat initialized with port(s): 8600 (http)
2021-10-08 00:02:14.400  INFO 304146 --- [main] o.apache.catalina.core.StandardService   : Starting service [Tomcat]
2021-10-08 00:02:14.400  INFO 304146 --- [main] org.apache.catalina.core.StandardEngine  : Starting Servlet engine: [Apache Tomcat/9.0.52]
2021-10-08 00:02:14.466  INFO 304146 --- [main] o.a.c.c.C.[Tomcat].[localhost].[/]       : Initializing Spring embedded WebApplicationContext
2021-10-08 00:02:14.466  INFO 304146 --- [main] w.s.c.ServletWebServerApplicationContext : Root WebApplicationContext: initialization completed in 932 ms
2021-10-08 00:02:15.393  INFO 304146 --- [main] o.s.b.w.embedded.tomcat.TomcatWebServer  : Tomcat started on port(s): 8600 (http) with context path ''
2021-10-08 00:02:15.401  INFO 304146 --- [main] .a.t.e.TikOnlineJudgeExecutorApplication : Started TikOnlineJudgeExecutorApplication in 2.423 seconds (JVM running for 3.211)
2021-10-08 00:02:33.115  INFO 304146 --- [http-nio-8600-exec-1] o.a.c.c.C.[Tomcat].[localhost].[/]       : Initializing Spring DispatcherServlet 'dispatcherServlet'
2021-10-08 00:02:33.115  INFO 304146 --- [http-nio-8600-exec-1] o.s.web.servlet.DispatcherServlet        : Initializing Servlet 'dispatcherServlet'
2021-10-08 00:02:33.116  INFO 304146 --- [http-nio-8600-exec-1] o.s.web.servlet.DispatcherServlet        : Completed initialization in 1 ms
2021-10-08 00:02:35.932  INFO 304146 --- [http-nio-8600-exec-1] com.zaxxer.hikari.HikariDataSource       : HikariPool-1 - Starting...
2021-10-08 00:02:36.440  INFO 304146 --- [http-nio-8600-exec-1] com.zaxxer.hikari.HikariDataSource       : HikariPool-1 - Start completed.
2021-10-08 00:03:24.661  INFO 304146 --- [SpringApplicationShutdownHook] com.zaxxer.hikari.HikariDataSource       : HikariPool-1 - Shutdown initiated...
2021-10-08 00:03:24.673  INFO 304146 --- [SpringApplicationShutdownHook] com.zaxxer.hikari.HikariDataSource       : HikariPool-1 - Shutdown completed.
2021-10-08 00:03:28.908  INFO 305123 --- [main] .a.t.e.TikOnlineJudgeExecutorApplication : Starting TikOnlineJudgeExecutorApplication using Java 1.8.0_292 on light-w650kjkk with PID 305123 (/home/light/code/tik-online-judge/tik-online-judge-executor/target/classes started by light in /home/light/code/tik-online-judge)
2021-10-08 00:03:28.911  INFO 305123 --- [main] .a.t.e.TikOnlineJudgeExecutorApplication : No active profile set, falling back to default profiles: default
2021-10-08 00:03:29.870  INFO 305123 --- [main] o.s.b.w.embedded.tomcat.TomcatWebServer  : Tomcat initialized with port(s): 8600 (http)
2021-10-08 00:03:29.878  INFO 305123 --- [main] o.apache.catalina.core.StandardService   : Starting service [Tomcat]
2021-10-08 00:03:29.878  INFO 305123 --- [main] org.apache.catalina.core.StandardEngine  : Starting Servlet engine: [Apache Tomcat/9.0.52]
2021-10-08 00:03:29.947  INFO 305123 --- [main] o.a.c.c.C.[Tomcat].[localhost].[/]       : Initializing Spring embedded WebApplicationContext
2021-10-08 00:03:29.947  INFO 305123 --- [main] w.s.c.ServletWebServerApplicationContext : Root WebApplicationContext: initialization completed in 998 ms
2021-10-08 00:03:30.850  INFO 305123 --- [main] o.s.b.w.embedded.tomcat.TomcatWebServer  : Tomcat started on port(s): 8600 (http) with context path ''
2021-10-08 00:03:30.857  INFO 305123 --- [main] .a.t.e.TikOnlineJudgeExecutorApplication : Started TikOnlineJudgeExecutorApplication in 2.346 seconds (JVM running for 3.197)
2021-10-08 00:03:42.634  INFO 305123 --- [http-nio-8600-exec-1] o.a.c.c.C.[Tomcat].[localhost].[/]       : Initializing Spring DispatcherServlet 'dispatcherServlet'
2021-10-08 00:03:42.634  INFO 305123 --- [http-nio-8600-exec-1] o.s.web.servlet.DispatcherServlet        : Initializing Servlet 'dispatcherServlet'
2021-10-08 00:03:42.635  INFO 305123 --- [http-nio-8600-exec-1] o.s.web.servlet.DispatcherServlet        : Completed initialization in 1 ms
2021-10-08 00:03:42.720  INFO 305123 --- [http-nio-8600-exec-1] com.zaxxer.hikari.HikariDataSource       : HikariPool-1 - Starting...
2021-10-08 00:03:42.802  INFO 305123 --- [http-nio-8600-exec-1] com.zaxxer.hikari.HikariDataSource       : HikariPool-1 - Start completed.
2021-10-08 00:04:29.973  WARN 305123 --- [HikariPool-1 housekeeper] com.zaxxer.hikari.pool.HikariPool        : HikariPool-1 - Thread starvation or clock leap detected (housekeeper delta=47s69ms761µs1ns).
2021-10-08 00:05:11.908  INFO 305123 --- [SpringApplicationShutdownHook] com.zaxxer.hikari.HikariDataSource       : HikariPool-1 - Shutdown initiated...
2021-10-08 00:05:11.929  INFO 305123 --- [SpringApplicationShutdownHook] com.zaxxer.hikari.HikariDataSource       : HikariPool-1 - Shutdown completed.
2021-10-08 00:05:15.161  INFO 306274 --- [main] .a.t.e.TikOnlineJudgeExecutorApplication : Starting TikOnlineJudgeExecutorApplication using Java 1.8.0_292 on light-w650kjkk with PID 306274 (/home/light/code/tik-online-judge/tik-online-judge-executor/target/classes started by light in /home/light/code/tik-online-judge)
2021-10-08 00:05:15.163  INFO 306274 --- [main] .a.t.e.TikOnlineJudgeExecutorApplication : No active profile set, falling back to default profiles: default
2021-10-08 00:05:16.350  INFO 306274 --- [main] o.s.b.w.embedded.tomcat.TomcatWebServer  : Tomcat initialized with port(s): 8600 (http)
2021-10-08 00:05:16.357  INFO 306274 --- [main] o.apache.catalina.core.StandardService   : Starting service [Tomcat]
2021-10-08 00:05:16.357  INFO 306274 --- [main] org.apache.catalina.core.StandardEngine  : Starting Servlet engine: [Apache Tomcat/9.0.52]
2021-10-08 00:05:16.419  INFO 306274 --- [main] o.a.c.c.C.[Tomcat].[localhost].[/]       : Initializing Spring embedded WebApplicationContext
2021-10-08 00:05:16.420  INFO 306274 --- [main] w.s.c.ServletWebServerApplicationContext : Root WebApplicationContext: initialization completed in 1187 ms
2021-10-08 00:05:17.430  INFO 306274 --- [main] o.s.b.w.embedded.tomcat.TomcatWebServer  : Tomcat started on port(s): 8600 (http) with context path ''
2021-10-08 00:05:17.439  INFO 306274 --- [main] .a.t.e.TikOnlineJudgeExecutorApplication : Started TikOnlineJudgeExecutorApplication in 2.839 seconds (JVM running for 3.716)
2021-10-08 00:05:35.461  INFO 306274 --- [http-nio-8600-exec-1] o.a.c.c.C.[Tomcat].[localhost].[/]       : Initializing Spring DispatcherServlet 'dispatcherServlet'
2021-10-08 00:05:35.461  INFO 306274 --- [http-nio-8600-exec-1] o.s.web.servlet.DispatcherServlet        : Initializing Servlet 'dispatcherServlet'
2021-10-08 00:05:35.462  INFO 306274 --- [http-nio-8600-exec-1] o.s.web.servlet.DispatcherServlet        : Completed initialization in 1 ms
2021-10-08 00:05:35.545  INFO 306274 --- [http-nio-8600-exec-1] com.zaxxer.hikari.HikariDataSource       : HikariPool-1 - Starting...
2021-10-08 00:05:35.649  INFO 306274 --- [http-nio-8600-exec-1] com.zaxxer.hikari.HikariDataSource       : HikariPool-1 - Start completed.
2021-10-08 00:06:43.275  WARN 306274 --- [HikariPool-1 housekeeper] com.zaxxer.hikari.pool.HikariPool        : HikariPool-1 - Thread starvation or clock leap detected (housekeeper delta=1m7s525ms671µs234ns).
2021-10-08 00:07:31.517  WARN 306274 --- [HikariPool-1 housekeeper] com.zaxxer.hikari.pool.HikariPool        : HikariPool-1 - Thread starvation or clock leap detected (housekeeper delta=48s242ms484µs900ns).
2021-10-08 00:07:56.423  INFO 306274 --- [SpringApplicationShutdownHook] com.zaxxer.hikari.HikariDataSource       : HikariPool-1 - Shutdown initiated...
2021-10-08 00:07:56.439  INFO 306274 --- [SpringApplicationShutdownHook] com.zaxxer.hikari.HikariDataSource       : HikariPool-1 - Shutdown completed.
2021-10-08 00:08:00.136  INFO 308232 --- [main] .a.t.e.TikOnlineJudgeExecutorApplication : Starting TikOnlineJudgeExecutorApplication using Java 1.8.0_292 on light-w650kjkk with PID 308232 (/home/light/code/tik-online-judge/tik-online-judge-executor/target/classes started by light in /home/light/code/tik-online-judge)
2021-10-08 00:08:00.139  INFO 308232 --- [main] .a.t.e.TikOnlineJudgeExecutorApplication : No active profile set, falling back to default profiles: default
2021-10-08 00:08:01.164  INFO 308232 --- [main] o.s.b.w.embedded.tomcat.TomcatWebServer  : Tomcat initialized with port(s): 8600 (http)
2021-10-08 00:08:01.170  INFO 308232 --- [main] o.apache.catalina.core.StandardService   : Starting service [Tomcat]
2021-10-08 00:08:01.171  INFO 308232 --- [main] org.apache.catalina.core.StandardEngine  : Starting Servlet engine: [Apache Tomcat/9.0.52]
2021-10-08 00:08:01.231  INFO 308232 --- [main] o.a.c.c.C.[Tomcat].[localhost].[/]       : Initializing Spring embedded WebApplicationContext
2021-10-08 00:08:01.232  INFO 308232 --- [main] w.s.c.ServletWebServerApplicationContext : Root WebApplicationContext: initialization completed in 1048 ms
2021-10-08 00:08:02.182  INFO 308232 --- [main] o.s.b.w.embedded.tomcat.TomcatWebServer  : Tomcat started on port(s): 8600 (http) with context path ''
2021-10-08 00:08:02.190  INFO 308232 --- [main] .a.t.e.TikOnlineJudgeExecutorApplication : Started TikOnlineJudgeExecutorApplication in 2.492 seconds (JVM running for 3.216)
2021-10-08 00:08:07.302  INFO 308232 --- [http-nio-8600-exec-1] o.a.c.c.C.[Tomcat].[localhost].[/]       : Initializing Spring DispatcherServlet 'dispatcherServlet'
2021-10-08 00:08:07.302  INFO 308232 --- [http-nio-8600-exec-1] o.s.web.servlet.DispatcherServlet        : Initializing Servlet 'dispatcherServlet'
2021-10-08 00:08:07.304  INFO 308232 --- [http-nio-8600-exec-1] o.s.web.servlet.DispatcherServlet        : Completed initialization in 1 ms
2021-10-08 00:08:07.396  INFO 308232 --- [http-nio-8600-exec-1] com.zaxxer.hikari.HikariDataSource       : HikariPool-1 - Starting...
2021-10-08 00:08:07.511  INFO 308232 --- [http-nio-8600-exec-1] com.zaxxer.hikari.HikariDataSource       : HikariPool-1 - Start completed.
2021-10-08 00:08:22.999 ERROR 308232 --- [pool-1-thread-1] t.a.t.e.s.impl.FileReaderWriterImpl      : /tmp/judge-info/judge-java/Main.java (权限不够)
2021-10-08 00:08:29.066 ERROR 308232 --- [pool-1-thread-1] t.a.t.e.s.impl.FileReaderWriterImpl      : /tmp/judge-info/judge-java/input (权限不够)
2021-10-08 00:08:29.069 ERROR 308232 --- [pool-1-thread-1] t.a.t.e.s.impl.FileReaderWriterImpl      : /tmp/judge-info/judge-java/output (权限不够)
2021-10-08 00:08:29.124  INFO 308232 --- [SpringApplicationShutdownHook] com.zaxxer.hikari.HikariDataSource       : HikariPool-1 - Shutdown initiated...
2021-10-08 00:08:29.131  INFO 308232 --- [SpringApplicationShutdownHook] com.zaxxer.hikari.HikariDataSource       : HikariPool-1 - Shutdown completed.
2021-10-08 00:09:04.880  INFO 308970 --- [main] .a.t.e.TikOnlineJudgeExecutorApplication : Starting TikOnlineJudgeExecutorApplication using Java 1.8.0_292 on light-w650kjkk with PID 308970 (/home/light/code/tik-online-judge/tik-online-judge-executor/target/classes started by light in /home/light/code/tik-online-judge)
2021-10-08 00:09:04.882  INFO 308970 --- [main] .a.t.e.TikOnlineJudgeExecutorApplication : No active profile set, falling back to default profiles: default
2021-10-08 00:09:05.849  INFO 308970 --- [main] o.s.b.w.embedded.tomcat.TomcatWebServer  : Tomcat initialized with port(s): 8600 (http)
2021-10-08 00:09:05.857  INFO 308970 --- [main] o.apache.catalina.core.StandardService   : Starting service [Tomcat]
2021-10-08 00:09:05.857  INFO 308970 --- [main] org.apache.catalina.core.StandardEngine  : Starting Servlet engine: [Apache Tomcat/9.0.52]
2021-10-08 00:09:05.915  INFO 308970 --- [main] o.a.c.c.C.[Tomcat].[localhost].[/]       : Initializing Spring embedded WebApplicationContext
2021-10-08 00:09:05.915  INFO 308970 --- [main] w.s.c.ServletWebServerApplicationContext : Root WebApplicationContext: initialization completed in 994 ms
2021-10-08 00:09:07.072  INFO 308970 --- [main] o.s.b.w.embedded.tomcat.TomcatWebServer  : Tomcat started on port(s): 8600 (http) with context path ''
2021-10-08 00:09:07.081  INFO 308970 --- [main] .a.t.e.TikOnlineJudgeExecutorApplication : Started TikOnlineJudgeExecutorApplication in 2.702 seconds (JVM running for 3.617)
2021-10-08 00:23:17.049  INFO 308970 --- [http-nio-8600-exec-1] o.a.c.c.C.[Tomcat].[localhost].[/]       : Initializing Spring DispatcherServlet 'dispatcherServlet'
2021-10-08 00:23:17.049  INFO 308970 --- [http-nio-8600-exec-1] o.s.web.servlet.DispatcherServlet        : Initializing Servlet 'dispatcherServlet'
2021-10-08 00:23:17.050  INFO 308970 --- [http-nio-8600-exec-1] o.s.web.servlet.DispatcherServlet        : Completed initialization in 1 ms
2021-10-08 00:23:17.215  INFO 308970 --- [http-nio-8600-exec-1] com.zaxxer.hikari.HikariDataSource       : HikariPool-1 - Starting...
2021-10-08 00:23:17.316  INFO 308970 --- [http-nio-8600-exec-1] com.zaxxer.hikari.HikariDataSource       : HikariPool-1 - Start completed.
2021-10-08 00:48:22.224  INFO 308970 --- [SpringApplicationShutdownHook] com.zaxxer.hikari.HikariDataSource       : HikariPool-1 - Shutdown initiated...
2021-10-08 00:48:22.230  INFO 308970 --- [SpringApplicationShutdownHook] com.zaxxer.hikari.HikariDataSource       : HikariPool-1 - Shutdown completed.
2021-10-08 00:48:28.394  INFO 334599 --- [main] .a.t.e.TikOnlineJudgeExecutorApplication : Starting TikOnlineJudgeExecutorApplication using Java 1.8.0_292 on light-w650kjkk with PID 334599 (/home/light/code/tik-online-judge/tik-online-judge-executor/target/classes started by light in /home/light/code/tik-online-judge)
2021-10-08 00:48:28.396  INFO 334599 --- [main] .a.t.e.TikOnlineJudgeExecutorApplication : No active profile set, falling back to default profiles: default
2021-10-08 00:48:29.269  INFO 334599 --- [main] o.s.b.w.embedded.tomcat.TomcatWebServer  : Tomcat initialized with port(s): 8600 (http)
2021-10-08 00:48:29.276  INFO 334599 --- [main] o.apache.catalina.core.StandardService   : Starting service [Tomcat]
2021-10-08 00:48:29.276  INFO 334599 --- [main] org.apache.catalina.core.StandardEngine  : Starting Servlet engine: [Apache Tomcat/9.0.52]
2021-10-08 00:48:29.342  INFO 334599 --- [main] o.a.c.c.C.[Tomcat].[localhost].[/]       : Initializing Spring embedded WebApplicationContext
2021-10-08 00:48:29.342  INFO 334599 --- [main] w.s.c.ServletWebServerApplicationContext : Root WebApplicationContext: initialization completed in 898 ms
2021-10-08 00:48:30.314  INFO 334599 --- [main] o.s.b.w.embedded.tomcat.TomcatWebServer  : Tomcat started on port(s): 8600 (http) with context path ''
2021-10-08 00:48:30.322  INFO 334599 --- [main] .a.t.e.TikOnlineJudgeExecutorApplication : Started TikOnlineJudgeExecutorApplication in 2.344 seconds (JVM running for 3.225)
2021-10-08 00:48:42.848  INFO 334599 --- [http-nio-8600-exec-1] o.a.c.c.C.[Tomcat].[localhost].[/]       : Initializing Spring DispatcherServlet 'dispatcherServlet'
2021-10-08 00:48:42.848  INFO 334599 --- [http-nio-8600-exec-1] o.s.web.servlet.DispatcherServlet        : Initializing Servlet 'dispatcherServlet'
2021-10-08 00:48:42.849  INFO 334599 --- [http-nio-8600-exec-1] o.s.web.servlet.DispatcherServlet        : Completed initialization in 1 ms
2021-10-08 00:48:43.004  INFO 334599 --- [http-nio-8600-exec-1] com.zaxxer.hikari.HikariDataSource       : HikariPool-1 - Starting...
2021-10-08 00:48:43.089  INFO 334599 --- [http-nio-8600-exec-1] com.zaxxer.hikari.HikariDataSource       : HikariPool-1 - Start completed.
2021-10-08 00:55:17.755  INFO 334599 --- [SpringApplicationShutdownHook] com.zaxxer.hikari.HikariDataSource       : HikariPool-1 - Shutdown initiated...
2021-10-08 00:55:17.768  INFO 334599 --- [SpringApplicationShutdownHook] com.zaxxer.hikari.HikariDataSource       : HikariPool-1 - Shutdown completed.
2021-10-08 00:55:22.167  INFO 340666 --- [main] .a.t.e.TikOnlineJudgeExecutorApplication : Starting TikOnlineJudgeExecutorApplication using Java 1.8.0_292 on light-w650kjkk with PID 340666 (/home/light/code/tik-online-judge/tik-online-judge-executor/target/classes started by light in /home/light/code/tik-online-judge)
2021-10-08 00:55:22.169  INFO 340666 --- [main] .a.t.e.TikOnlineJudgeExecutorApplication : No active profile set, falling back to default profiles: default
2021-10-08 00:55:23.024  INFO 340666 --- [main] o.s.b.w.embedded.tomcat.TomcatWebServer  : Tomcat initialized with port(s): 8600 (http)
2021-10-08 00:55:23.031  INFO 340666 --- [main] o.apache.catalina.core.StandardService   : Starting service [Tomcat]
2021-10-08 00:55:23.032  INFO 340666 --- [main] org.apache.catalina.core.StandardEngine  : Starting Servlet engine: [Apache Tomcat/9.0.52]
2021-10-08 00:55:23.105  INFO 340666 --- [main] o.a.c.c.C.[Tomcat].[localhost].[/]       : Initializing Spring embedded WebApplicationContext
2021-10-08 00:55:23.105  INFO 340666 --- [main] w.s.c.ServletWebServerApplicationContext : Root WebApplicationContext: initialization completed in 859 ms
2021-10-08 00:55:24.087  INFO 340666 --- [main] o.s.b.w.embedded.tomcat.TomcatWebServer  : Tomcat started on port(s): 8600 (http) with context path ''
2021-10-08 00:55:24.097  INFO 340666 --- [main] .a.t.e.TikOnlineJudgeExecutorApplication : Started TikOnlineJudgeExecutorApplication in 2.392 seconds (JVM running for 3.11)
2021-10-08 00:55:29.386  INFO 340666 --- [http-nio-8600-exec-1] o.a.c.c.C.[Tomcat].[localhost].[/]       : Initializing Spring DispatcherServlet 'dispatcherServlet'
2021-10-08 00:55:29.387  INFO 340666 --- [http-nio-8600-exec-1] o.s.web.servlet.DispatcherServlet        : Initializing Servlet 'dispatcherServlet'
2021-10-08 00:55:29.387  INFO 340666 --- [http-nio-8600-exec-1] o.s.web.servlet.DispatcherServlet        : Completed initialization in 0 ms
2021-10-08 00:55:29.470  INFO 340666 --- [http-nio-8600-exec-1] com.zaxxer.hikari.HikariDataSource       : HikariPool-1 - Starting...
2021-10-08 00:55:29.554  INFO 340666 --- [http-nio-8600-exec-1] com.zaxxer.hikari.HikariDataSource       : HikariPool-1 - Start completed.
2021-10-08 00:58:04.146  INFO 340666 --- [SpringApplicationShutdownHook] com.zaxxer.hikari.HikariDataSource       : HikariPool-1 - Shutdown initiated...
2021-10-08 00:58:04.163  INFO 340666 --- [SpringApplicationShutdownHook] com.zaxxer.hikari.HikariDataSource       : HikariPool-1 - Shutdown completed.
2021-10-08 01:01:55.520  INFO 346395 --- [main] .a.t.e.TikOnlineJudgeExecutorApplication : Starting TikOnlineJudgeExecutorApplication using Java 1.8.0_292 on light-w650kjkk with PID 346395 (/home/light/code/tik-online-judge/tik-online-judge-executor/target/classes started by light in /home/light/code/tik-online-judge)
2021-10-08 01:01:55.522  INFO 346395 --- [main] .a.t.e.TikOnlineJudgeExecutorApplication : No active profile set, falling back to default profiles: default
2021-10-08 01:01:56.405  INFO 346395 --- [main] o.s.b.w.embedded.tomcat.TomcatWebServer  : Tomcat initialized with port(s): 8600 (http)
2021-10-08 01:01:56.410  INFO 346395 --- [main] o.apache.catalina.core.StandardService   : Starting service [Tomcat]
2021-10-08 01:01:56.411  INFO 346395 --- [main] org.apache.catalina.core.StandardEngine  : Starting Servlet engine: [Apache Tomcat/9.0.52]
2021-10-08 01:01:56.464  INFO 346395 --- [main] o.a.c.c.C.[Tomcat].[localhost].[/]       : Initializing Spring embedded WebApplicationContext
2021-10-08 01:01:56.464  INFO 346395 --- [main] w.s.c.ServletWebServerApplicationContext : Root WebApplicationContext: initialization completed in 906 ms
2021-10-08 01:01:57.286  INFO 346395 --- [main] o.s.b.w.embedded.tomcat.TomcatWebServer  : Tomcat started on port(s): 8600 (http) with context path ''
2021-10-08 01:01:57.293  INFO 346395 --- [main] .a.t.e.TikOnlineJudgeExecutorApplication : Started TikOnlineJudgeExecutorApplication in 2.239 seconds (JVM running for 2.921)
2021-10-08 01:02:09.868  INFO 346395 --- [http-nio-8600-exec-1] o.a.c.c.C.[Tomcat].[localhost].[/]       : Initializing Spring DispatcherServlet 'dispatcherServlet'
2021-10-08 01:02:09.868  INFO 346395 --- [http-nio-8600-exec-1] o.s.web.servlet.DispatcherServlet        : Initializing Servlet 'dispatcherServlet'
2021-10-08 01:02:09.869  INFO 346395 --- [http-nio-8600-exec-1] o.s.web.servlet.DispatcherServlet        : Completed initialization in 1 ms
2021-10-08 01:02:10.006  INFO 346395 --- [http-nio-8600-exec-1] com.zaxxer.hikari.HikariDataSource       : HikariPool-1 - Starting...
2021-10-08 01:02:10.084  INFO 346395 --- [http-nio-8600-exec-1] com.zaxxer.hikari.HikariDataSource       : HikariPool-1 - Start completed.
2021-10-08 01:02:22.281  INFO 346395 --- [SpringApplicationShutdownHook] com.zaxxer.hikari.HikariDataSource       : HikariPool-1 - Shutdown initiated...
2021-10-08 01:02:22.297  INFO 346395 --- [SpringApplicationShutdownHook] com.zaxxer.hikari.HikariDataSource       : HikariPool-1 - Shutdown completed.
2021-10-08 01:02:25.717  INFO 347277 --- [main] .a.t.e.TikOnlineJudgeExecutorApplication : Starting TikOnlineJudgeExecutorApplication using Java 1.8.0_292 on light-w650kjkk with PID 347277 (/home/light/code/tik-online-judge/tik-online-judge-executor/target/classes started by light in /home/light/code/tik-online-judge)
2021-10-08 01:02:25.722  INFO 347277 --- [main] .a.t.e.TikOnlineJudgeExecutorApplication : No active profile set, falling back to default profiles: default
2021-10-08 01:02:26.722  INFO 347277 --- [main] o.s.b.w.embedded.tomcat.TomcatWebServer  : Tomcat initialized with port(s): 8600 (http)
2021-10-08 01:02:26.733  INFO 347277 --- [main] o.apache.catalina.core.StandardService   : Starting service [Tomcat]
2021-10-08 01:02:26.734  INFO 347277 --- [main] org.apache.catalina.core.StandardEngine  : Starting Servlet engine: [Apache Tomcat/9.0.52]
2021-10-08 01:02:26.831  INFO 347277 --- [main] o.a.c.c.C.[Tomcat].[localhost].[/]       : Initializing Spring embedded WebApplicationContext
2021-10-08 01:02:26.831  INFO 347277 --- [main] w.s.c.ServletWebServerApplicationContext : Root WebApplicationContext: initialization completed in 998 ms
2021-10-08 01:02:27.983  INFO 347277 --- [main] o.s.b.w.embedded.tomcat.TomcatWebServer  : Tomcat started on port(s): 8600 (http) with context path ''
2021-10-08 01:02:27.993  INFO 347277 --- [main] .a.t.e.TikOnlineJudgeExecutorApplication : Started TikOnlineJudgeExecutorApplication in 2.92 seconds (JVM running for 3.673)
2021-10-08 01:02:39.580  INFO 347277 --- [http-nio-8600-exec-1] o.a.c.c.C.[Tomcat].[localhost].[/]       : Initializing Spring DispatcherServlet 'dispatcherServlet'
2021-10-08 01:02:39.580  INFO 347277 --- [http-nio-8600-exec-1] o.s.web.servlet.DispatcherServlet        : Initializing Servlet 'dispatcherServlet'
2021-10-08 01:02:39.582  INFO 347277 --- [http-nio-8600-exec-1] o.s.web.servlet.DispatcherServlet        : Completed initialization in 2 ms
2021-10-08 01:02:39.637  INFO 347277 --- [http-nio-8600-exec-1] com.zaxxer.hikari.HikariDataSource       : HikariPool-1 - Starting...
2021-10-08 01:02:39.748  INFO 347277 --- [http-nio-8600-exec-1] com.zaxxer.hikari.HikariDataSource       : HikariPool-1 - Start completed.
2021-10-08 01:05:50.706  INFO 347277 --- [SpringApplicationShutdownHook] com.zaxxer.hikari.HikariDataSource       : HikariPool-1 - Shutdown initiated...
2021-10-08 01:05:50.716  INFO 347277 --- [SpringApplicationShutdownHook] com.zaxxer.hikari.HikariDataSource       : HikariPool-1 - Shutdown completed.
2021-10-08 01:10:38.862  INFO 353071 --- [main] .a.t.e.TikOnlineJudgeExecutorApplication : Starting TikOnlineJudgeExecutorApplication using Java 1.8.0_292 on light-w650kjkk with PID 353071 (/home/light/code/tik-online-judge/tik-online-judge-executor/target/classes started by light in /home/light/code/tik-online-judge)
2021-10-08 01:10:38.864  INFO 353071 --- [main] .a.t.e.TikOnlineJudgeExecutorApplication : No active profile set, falling back to default profiles: default
2021-10-08 01:10:39.794  INFO 353071 --- [main] o.s.b.w.embedded.tomcat.TomcatWebServer  : Tomcat initialized with port(s): 8600 (http)
2021-10-08 01:10:39.800  INFO 353071 --- [main] o.apache.catalina.core.StandardService   : Starting service [Tomcat]
2021-10-08 01:10:39.800  INFO 353071 --- [main] org.apache.catalina.core.StandardEngine  : Starting Servlet engine: [Apache Tomcat/9.0.52]
2021-10-08 01:10:39.847  INFO 353071 --- [main] o.a.c.c.C.[Tomcat].[localhost].[/]       : Initializing Spring embedded WebApplicationContext
2021-10-08 01:10:39.847  INFO 353071 --- [main] w.s.c.ServletWebServerApplicationContext : Root WebApplicationContext: initialization completed in 932 ms
2021-10-08 01:10:40.839  INFO 353071 --- [main] o.s.b.w.embedded.tomcat.TomcatWebServer  : Tomcat started on port(s): 8600 (http) with context path ''
2021-10-08 01:10:40.847  INFO 353071 --- [main] .a.t.e.TikOnlineJudgeExecutorApplication : Started TikOnlineJudgeExecutorApplication in 2.458 seconds (JVM running for 3.123)
2021-10-08 01:10:54.377  INFO 353071 --- [http-nio-8600-exec-1] o.a.c.c.C.[Tomcat].[localhost].[/]       : Initializing Spring DispatcherServlet 'dispatcherServlet'
2021-10-08 01:10:54.378  INFO 353071 --- [http-nio-8600-exec-1] o.s.web.servlet.DispatcherServlet        : Initializing Servlet 'dispatcherServlet'
2021-10-08 01:10:54.379  INFO 353071 --- [http-nio-8600-exec-1] o.s.web.servlet.DispatcherServlet        : Completed initialization in 1 ms
2021-10-08 01:10:54.456  INFO 353071 --- [http-nio-8600-exec-1] com.zaxxer.hikari.HikariDataSource       : HikariPool-1 - Starting...
2021-10-08 01:10:54.539  INFO 353071 --- [http-nio-8600-exec-1] com.zaxxer.hikari.HikariDataSource       : HikariPool-1 - Start completed.
2021-10-08 01:11:09.150  INFO 353071 --- [SpringApplicationShutdownHook] com.zaxxer.hikari.HikariDataSource       : HikariPool-1 - Shutdown initiated...
2021-10-08 01:11:09.161  INFO 353071 --- [SpringApplicationShutdownHook] com.zaxxer.hikari.HikariDataSource       : HikariPool-1 - Shutdown completed.
2021-10-08 12:06:33.035  INFO 417374 --- [main] .a.t.e.TikOnlineJudgeExecutorApplication : Starting TikOnlineJudgeExecutorApplication using Java 1.8.0_292 on light-w650kjkk with PID 417374 (/home/light/code/tik-online-judge/tik-online-judge-executor/target/classes started by light in /home/light/code/tik-online-judge)
2021-10-08 12:06:33.041  INFO 417374 --- [main] .a.t.e.TikOnlineJudgeExecutorApplication : No active profile set, falling back to default profiles: default
2021-10-08 12:06:34.300  INFO 417374 --- [main] o.s.b.w.embedded.tomcat.TomcatWebServer  : Tomcat initialized with port(s): 8600 (http)
2021-10-08 12:06:34.308  INFO 417374 --- [main] o.apache.catalina.core.StandardService   : Starting service [Tomcat]
2021-10-08 12:06:34.309  INFO 417374 --- [main] org.apache.catalina.core.StandardEngine  : Starting Servlet engine: [Apache Tomcat/9.0.52]
2021-10-08 12:06:34.387  INFO 417374 --- [main] o.a.c.c.C.[Tomcat].[localhost].[/]       : Initializing Spring embedded WebApplicationContext
2021-10-08 12:06:34.387  INFO 417374 --- [main] w.s.c.ServletWebServerApplicationContext : Root WebApplicationContext: initialization completed in 1300 ms
2021-10-08 12:06:35.773  INFO 417374 --- [main] o.s.b.w.embedded.tomcat.TomcatWebServer  : Tomcat started on port(s): 8600 (http) with context path ''
2021-10-08 12:06:35.784  INFO 417374 --- [main] .a.t.e.TikOnlineJudgeExecutorApplication : Started TikOnlineJudgeExecutorApplication in 3.61 seconds (JVM running for 7.345)
2021-10-08 12:07:10.928  INFO 418479 --- [main] .a.t.e.TikOnlineJudgeExecutorApplication : Starting TikOnlineJudgeExecutorApplication using Java 1.8.0_292 on light-w650kjkk with PID 418479 (/home/light/code/tik-online-judge/tik-online-judge-executor/target/classes started by light in /home/light/code/tik-online-judge)
2021-10-08 12:07:10.930  INFO 418479 --- [main] .a.t.e.TikOnlineJudgeExecutorApplication : No active profile set, falling back to default profiles: default
2021-10-08 12:07:11.876  INFO 418479 --- [main] o.s.b.w.embedded.tomcat.TomcatWebServer  : Tomcat initialized with port(s): 8600 (http)
2021-10-08 12:07:11.883  INFO 418479 --- [main] o.apache.catalina.core.StandardService   : Starting service [Tomcat]
2021-10-08 12:07:11.883  INFO 418479 --- [main] org.apache.catalina.core.StandardEngine  : Starting Servlet engine: [Apache Tomcat/9.0.52]
2021-10-08 12:07:11.953  INFO 418479 --- [main] o.a.c.c.C.[Tomcat].[localhost].[/]       : Initializing Spring embedded WebApplicationContext
2021-10-08 12:07:11.953  INFO 418479 --- [main] w.s.c.ServletWebServerApplicationContext : Root WebApplicationContext: initialization completed in 983 ms
2021-10-08 12:07:12.927  INFO 418479 --- [main] o.s.b.w.embedded.tomcat.TomcatWebServer  : Tomcat started on port(s): 8600 (http) with context path ''
2021-10-08 12:07:12.934  INFO 418479 --- [main] .a.t.e.TikOnlineJudgeExecutorApplication : Started TikOnlineJudgeExecutorApplication in 2.561 seconds (JVM running for 3.954)
2021-10-08 12:07:43.947  INFO 418479 --- [http-nio-8600-exec-1] o.a.c.c.C.[Tomcat].[localhost].[/]       : Initializing Spring DispatcherServlet 'dispatcherServlet'
2021-10-08 12:07:43.947  INFO 418479 --- [http-nio-8600-exec-1] o.s.web.servlet.DispatcherServlet        : Initializing Servlet 'dispatcherServlet'
2021-10-08 12:07:43.948  INFO 418479 --- [http-nio-8600-exec-1] o.s.web.servlet.DispatcherServlet        : Completed initialization in 0 ms
2021-10-08 12:07:44.021  INFO 418479 --- [http-nio-8600-exec-1] com.zaxxer.hikari.HikariDataSource       : HikariPool-1 - Starting...
2021-10-08 12:07:44.161  INFO 418479 --- [http-nio-8600-exec-1] com.zaxxer.hikari.HikariDataSource       : HikariPool-1 - Start completed.
2021-10-08 12:09:57.350  INFO 418479 --- [SpringApplicationShutdownHook] com.zaxxer.hikari.HikariDataSource       : HikariPool-1 - Shutdown initiated...
2021-10-08 12:09:57.375  INFO 418479 --- [SpringApplicationShutdownHook] com.zaxxer.hikari.HikariDataSource       : HikariPool-1 - Shutdown completed.
2021-10-08 12:10:37.332  INFO 420996 --- [main] .a.t.e.TikOnlineJudgeExecutorApplication : Starting TikOnlineJudgeExecutorApplication using Java 1.8.0_292 on light-w650kjkk with PID 420996 (/home/light/code/tik-online-judge/tik-online-judge-executor/target/classes started by light in /home/light/code/tik-online-judge)
2021-10-08 12:10:37.335  INFO 420996 --- [main] .a.t.e.TikOnlineJudgeExecutorApplication : No active profile set, falling back to default profiles: default
2021-10-08 12:10:38.150  INFO 420996 --- [main] o.s.b.w.embedded.tomcat.TomcatWebServer  : Tomcat initialized with port(s): 8600 (http)
2021-10-08 12:10:38.157  INFO 420996 --- [main] o.apache.catalina.core.StandardService   : Starting service [Tomcat]
2021-10-08 12:10:38.158  INFO 420996 --- [main] org.apache.catalina.core.StandardEngine  : Starting Servlet engine: [Apache Tomcat/9.0.52]
2021-10-08 12:10:38.205  INFO 420996 --- [main] o.a.c.c.C.[Tomcat].[localhost].[/]       : Initializing Spring embedded WebApplicationContext
2021-10-08 12:10:38.205  INFO 420996 --- [main] w.s.c.ServletWebServerApplicationContext : Root WebApplicationContext: initialization completed in 827 ms
2021-10-08 12:10:39.234  INFO 420996 --- [main] o.s.b.w.embedded.tomcat.TomcatWebServer  : Tomcat started on port(s): 8600 (http) with context path ''
2021-10-08 12:10:39.245  INFO 420996 --- [main] .a.t.e.TikOnlineJudgeExecutorApplication : Started TikOnlineJudgeExecutorApplication in 2.455 seconds (JVM running for 3.575)
2021-10-08 12:11:20.240  INFO 420996 --- [http-nio-8600-exec-1] o.a.c.c.C.[Tomcat].[localhost].[/]       : Initializing Spring DispatcherServlet 'dispatcherServlet'
2021-10-08 12:11:20.241  INFO 420996 --- [http-nio-8600-exec-1] o.s.web.servlet.DispatcherServlet        : Initializing Servlet 'dispatcherServlet'
2021-10-08 12:11:20.243  INFO 420996 --- [http-nio-8600-exec-1] o.s.web.servlet.DispatcherServlet        : Completed initialization in 1 ms
2021-10-08 12:11:20.297  INFO 420996 --- [http-nio-8600-exec-1] com.zaxxer.hikari.HikariDataSource       : HikariPool-1 - Starting...
2021-10-08 12:11:20.393  INFO 420996 --- [http-nio-8600-exec-1] com.zaxxer.hikari.HikariDataSource       : HikariPool-1 - Start completed.
2021-10-08 12:28:08.905  INFO 420996 --- [SpringApplicationShutdownHook] com.zaxxer.hikari.HikariDataSource       : HikariPool-1 - Shutdown initiated...
2021-10-08 12:28:08.914  INFO 420996 --- [SpringApplicationShutdownHook] com.zaxxer.hikari.HikariDataSource       : HikariPool-1 - Shutdown completed.
2021-10-08 12:28:17.592  INFO 431623 --- [main] .a.t.e.TikOnlineJudgeExecutorApplication : Starting TikOnlineJudgeExecutorApplication using Java 1.8.0_292 on light-w650kjkk with PID 431623 (/home/light/code/tik-online-judge/tik-online-judge-executor/target/classes started by light in /home/light/code/tik-online-judge)
2021-10-08 12:28:17.598  INFO 431623 --- [main] .a.t.e.TikOnlineJudgeExecutorApplication : No active profile set, falling back to default profiles: default
2021-10-08 12:28:18.542  INFO 431623 --- [main] o.s.b.w.embedded.tomcat.TomcatWebServer  : Tomcat initialized with port(s): 8600 (http)
2021-10-08 12:28:18.548  INFO 431623 --- [main] o.apache.catalina.core.StandardService   : Starting service [Tomcat]
2021-10-08 12:28:18.548  INFO 431623 --- [main] org.apache.catalina.core.StandardEngine  : Starting Servlet engine: [Apache Tomcat/9.0.52]
2021-10-08 12:28:18.597  INFO 431623 --- [main] o.a.c.c.C.[Tomcat].[localhost].[/]       : Initializing Spring embedded WebApplicationContext
2021-10-08 12:28:18.598  INFO 431623 --- [main] w.s.c.ServletWebServerApplicationContext : Root WebApplicationContext: initialization completed in 954 ms
2021-10-08 12:28:19.424  INFO 431623 --- [main] o.s.b.w.embedded.tomcat.TomcatWebServer  : Tomcat started on port(s): 8600 (http) with context path ''
2021-10-08 12:28:19.438  INFO 431623 --- [main] .a.t.e.TikOnlineJudgeExecutorApplication : Started TikOnlineJudgeExecutorApplication in 2.296 seconds (JVM running for 2.941)
2021-10-08 12:28:38.241  INFO 431623 --- [http-nio-8600-exec-1] o.a.c.c.C.[Tomcat].[localhost].[/]       : Initializing Spring DispatcherServlet 'dispatcherServlet'
2021-10-08 12:28:38.241  INFO 431623 --- [http-nio-8600-exec-1] o.s.web.servlet.DispatcherServlet        : Initializing Servlet 'dispatcherServlet'
2021-10-08 12:28:38.242  INFO 431623 --- [http-nio-8600-exec-1] o.s.web.servlet.DispatcherServlet        : Completed initialization in 1 ms
2021-10-08 12:28:38.291  INFO 431623 --- [http-nio-8600-exec-1] com.zaxxer.hikari.HikariDataSource       : HikariPool-1 - Starting...
2021-10-08 12:28:38.385  INFO 431623 --- [http-nio-8600-exec-1] com.zaxxer.hikari.HikariDataSource       : HikariPool-1 - Start completed.
2021-10-08 12:31:26.145  INFO 431623 --- [SpringApplicationShutdownHook] com.zaxxer.hikari.HikariDataSource       : HikariPool-1 - Shutdown initiated...
2021-10-08 12:31:26.155  INFO 431623 --- [SpringApplicationShutdownHook] com.zaxxer.hikari.HikariDataSource       : HikariPool-1 - Shutdown completed.
2021-10-08 12:31:30.303  INFO 434027 --- [main] .a.t.e.TikOnlineJudgeExecutorApplication : Starting TikOnlineJudgeExecutorApplication using Java 1.8.0_292 on light-w650kjkk with PID 434027 (/home/light/code/tik-online-judge/tik-online-judge-executor/target/classes started by light in /home/light/code/tik-online-judge)
2021-10-08 12:31:30.306  INFO 434027 --- [main] .a.t.e.TikOnlineJudgeExecutorApplication : No active profile set, falling back to default profiles: default
2021-10-08 12:31:31.262  INFO 434027 --- [main] o.s.b.w.embedded.tomcat.TomcatWebServer  : Tomcat initialized with port(s): 8600 (http)
2021-10-08 12:31:31.269  INFO 434027 --- [main] o.apache.catalina.core.StandardService   : Starting service [Tomcat]
2021-10-08 12:31:31.269  INFO 434027 --- [main] org.apache.catalina.core.StandardEngine  : Starting Servlet engine: [Apache Tomcat/9.0.52]
2021-10-08 12:31:31.338  INFO 434027 --- [main] o.a.c.c.C.[Tomcat].[localhost].[/]       : Initializing Spring embedded WebApplicationContext
2021-10-08 12:31:31.338  INFO 434027 --- [main] w.s.c.ServletWebServerApplicationContext : Root WebApplicationContext: initialization completed in 974 ms
2021-10-08 12:31:32.217  INFO 434027 --- [main] o.s.b.w.embedded.tomcat.TomcatWebServer  : Tomcat started on port(s): 8600 (http) with context path ''
2021-10-08 12:31:32.225  INFO 434027 --- [main] .a.t.e.TikOnlineJudgeExecutorApplication : Started TikOnlineJudgeExecutorApplication in 2.44 seconds (JVM running for 3.458)
2021-10-08 12:32:13.662  INFO 434027 --- [http-nio-8600-exec-1] o.a.c.c.C.[Tomcat].[localhost].[/]       : Initializing Spring DispatcherServlet 'dispatcherServlet'
2021-10-08 12:32:13.662  INFO 434027 --- [http-nio-8600-exec-1] o.s.web.servlet.DispatcherServlet        : Initializing Servlet 'dispatcherServlet'
2021-10-08 12:32:13.663  INFO 434027 --- [http-nio-8600-exec-1] o.s.web.servlet.DispatcherServlet        : Completed initialization in 0 ms
2021-10-08 12:32:13.806  INFO 434027 --- [http-nio-8600-exec-1] com.zaxxer.hikari.HikariDataSource       : HikariPool-1 - Starting...
2021-10-08 12:32:13.893  INFO 434027 --- [http-nio-8600-exec-1] com.zaxxer.hikari.HikariDataSource       : HikariPool-1 - Start completed.
2021-10-08 12:32:37.773  INFO 434027 --- [SpringApplicationShutdownHook] com.zaxxer.hikari.HikariDataSource       : HikariPool-1 - Shutdown initiated...
2021-10-08 12:32:37.780  INFO 434027 --- [SpringApplicationShutdownHook] com.zaxxer.hikari.HikariDataSource       : HikariPool-1 - Shutdown completed.
2021-10-08 12:32:57.888  INFO 435178 --- [main] .a.t.e.TikOnlineJudgeExecutorApplication : Starting TikOnlineJudgeExecutorApplication using Java 1.8.0_292 on light-w650kjkk with PID 435178 (/home/light/code/tik-online-judge/tik-online-judge-executor/target/classes started by light in /home/light/code/tik-online-judge)
2021-10-08 12:32:57.891  INFO 435178 --- [main] .a.t.e.TikOnlineJudgeExecutorApplication : No active profile set, falling back to default profiles: default
2021-10-08 12:32:58.764  INFO 435178 --- [main] o.s.b.w.embedded.tomcat.TomcatWebServer  : Tomcat initialized with port(s): 8600 (http)
2021-10-08 12:32:58.770  INFO 435178 --- [main] o.apache.catalina.core.StandardService   : Starting service [Tomcat]
2021-10-08 12:32:58.771  INFO 435178 --- [main] org.apache.catalina.core.StandardEngine  : Starting Servlet engine: [Apache Tomcat/9.0.52]
2021-10-08 12:32:58.826  INFO 435178 --- [main] o.a.c.c.C.[Tomcat].[localhost].[/]       : Initializing Spring embedded WebApplicationContext
2021-10-08 12:32:58.827  INFO 435178 --- [main] w.s.c.ServletWebServerApplicationContext : Root WebApplicationContext: initialization completed in 881 ms
2021-10-08 12:32:59.726  INFO 435178 --- [main] o.s.b.w.embedded.tomcat.TomcatWebServer  : Tomcat started on port(s): 8600 (http) with context path ''
2021-10-08 12:32:59.733  INFO 435178 --- [main] .a.t.e.TikOnlineJudgeExecutorApplication : Started TikOnlineJudgeExecutorApplication in 2.274 seconds (JVM running for 3.148)
2021-10-08 12:33:13.980  INFO 435178 --- [http-nio-8600-exec-1] o.a.c.c.C.[Tomcat].[localhost].[/]       : Initializing Spring DispatcherServlet 'dispatcherServlet'
2021-10-08 12:33:13.980  INFO 435178 --- [http-nio-8600-exec-1] o.s.web.servlet.DispatcherServlet        : Initializing Servlet 'dispatcherServlet'
2021-10-08 12:33:13.981  INFO 435178 --- [http-nio-8600-exec-1] o.s.web.servlet.DispatcherServlet        : Completed initialization in 1 ms
2021-10-08 12:33:14.050  INFO 435178 --- [http-nio-8600-exec-1] com.zaxxer.hikari.HikariDataSource       : HikariPool-1 - Starting...
2021-10-08 12:33:14.123  INFO 435178 --- [http-nio-8600-exec-1] com.zaxxer.hikari.HikariDataSource       : HikariPool-1 - Start completed.
2021-10-08 12:33:50.535  INFO 435178 --- [SpringApplicationShutdownHook] com.zaxxer.hikari.HikariDataSource       : HikariPool-1 - Shutdown initiated...
2021-10-08 12:33:50.542  INFO 435178 --- [SpringApplicationShutdownHook] com.zaxxer.hikari.HikariDataSource       : HikariPool-1 - Shutdown completed.
2021-10-08 13:16:50.772  INFO 462130 --- [main] .a.t.e.TikOnlineJudgeExecutorApplication : Starting TikOnlineJudgeExecutorApplication using Java 1.8.0_292 on light-w650kjkk with PID 462130 (/home/light/code/tik-online-judge/tik-online-judge-executor/target/classes started by light in /home/light/code/tik-online-judge)
2021-10-08 13:16:50.774  INFO 462130 --- [main] .a.t.e.TikOnlineJudgeExecutorApplication : No active profile set, falling back to default profiles: default
2021-10-08 13:16:51.644  INFO 462130 --- [main] o.s.b.w.embedded.tomcat.TomcatWebServer  : Tomcat initialized with port(s): 8600 (http)
2021-10-08 13:16:51.649  INFO 462130 --- [main] o.apache.catalina.core.StandardService   : Starting service [Tomcat]
2021-10-08 13:16:51.650  INFO 462130 --- [main] org.apache.catalina.core.StandardEngine  : Starting Servlet engine: [Apache Tomcat/9.0.52]
2021-10-08 13:16:51.702  INFO 462130 --- [main] o.a.c.c.C.[Tomcat].[localhost].[/]       : Initializing Spring embedded WebApplicationContext
2021-10-08 13:16:51.702  INFO 462130 --- [main] w.s.c.ServletWebServerApplicationContext : Root WebApplicationContext: initialization completed in 898 ms
2021-10-08 13:16:52.491  INFO 462130 --- [main] o.s.b.w.embedded.tomcat.TomcatWebServer  : Tomcat started on port(s): 8600 (http) with context path ''
2021-10-08 13:16:52.498  INFO 462130 --- [main] .a.t.e.TikOnlineJudgeExecutorApplication : Started TikOnlineJudgeExecutorApplication in 2.061 seconds (JVM running for 2.706)
2021-10-08 13:17:14.543  INFO 462130 --- [http-nio-8600-exec-1] o.a.c.c.C.[Tomcat].[localhost].[/]       : Initializing Spring DispatcherServlet 'dispatcherServlet'
2021-10-08 13:17:14.543  INFO 462130 --- [http-nio-8600-exec-1] o.s.web.servlet.DispatcherServlet        : Initializing Servlet 'dispatcherServlet'
2021-10-08 13:17:14.544  INFO 462130 --- [http-nio-8600-exec-1] o.s.web.servlet.DispatcherServlet        : Completed initialization in 1 ms
2021-10-08 13:17:14.615  INFO 462130 --- [http-nio-8600-exec-1] com.zaxxer.hikari.HikariDataSource       : HikariPool-1 - Starting...
2021-10-08 13:17:14.690  INFO 462130 --- [http-nio-8600-exec-1] com.zaxxer.hikari.HikariDataSource       : HikariPool-1 - Start completed.
2021-10-08 13:18:44.101  INFO 462130 --- [SpringApplicationShutdownHook] com.zaxxer.hikari.HikariDataSource       : HikariPool-1 - Shutdown initiated...
2021-10-08 13:18:44.111  INFO 462130 --- [SpringApplicationShutdownHook] com.zaxxer.hikari.HikariDataSource       : HikariPool-1 - Shutdown completed.
2021-10-08 13:18:47.098  INFO 463759 --- [main] .a.t.e.TikOnlineJudgeExecutorApplication : Starting TikOnlineJudgeExecutorApplication using Java 1.8.0_292 on light-w650kjkk with PID 463759 (/home/light/code/tik-online-judge/tik-online-judge-executor/target/classes started by light in /home/light/code/tik-online-judge)
2021-10-08 13:18:47.101  INFO 463759 --- [main] .a.t.e.TikOnlineJudgeExecutorApplication : No active profile set, falling back to default profiles: default
2021-10-08 13:18:47.981  INFO 463759 --- [main] o.s.b.w.embedded.tomcat.TomcatWebServer  : Tomcat initialized with port(s): 8600 (http)
2021-10-08 13:18:47.988  INFO 463759 --- [main] o.apache.catalina.core.StandardService   : Starting service [Tomcat]
2021-10-08 13:18:47.988  INFO 463759 --- [main] org.apache.catalina.core.StandardEngine  : Starting Servlet engine: [Apache Tomcat/9.0.52]
2021-10-08 13:18:48.062  INFO 463759 --- [main] o.a.c.c.C.[Tomcat].[localhost].[/]       : Initializing Spring embedded WebApplicationContext
2021-10-08 13:18:48.062  INFO 463759 --- [main] w.s.c.ServletWebServerApplicationContext : Root WebApplicationContext: initialization completed in 921 ms
2021-10-08 13:18:49.003  INFO 463759 --- [main] o.s.b.w.embedded.tomcat.TomcatWebServer  : Tomcat started on port(s): 8600 (http) with context path ''
2021-10-08 13:18:49.013  INFO 463759 --- [main] .a.t.e.TikOnlineJudgeExecutorApplication : Started TikOnlineJudgeExecutorApplication in 2.405 seconds (JVM running for 3.451)
2021-10-08 13:18:56.118  INFO 463759 --- [http-nio-8600-exec-1] o.a.c.c.C.[Tomcat].[localhost].[/]       : Initializing Spring DispatcherServlet 'dispatcherServlet'
2021-10-08 13:18:56.118  INFO 463759 --- [http-nio-8600-exec-1] o.s.web.servlet.DispatcherServlet        : Initializing Servlet 'dispatcherServlet'
2021-10-08 13:18:56.119  INFO 463759 --- [http-nio-8600-exec-1] o.s.web.servlet.DispatcherServlet        : Completed initialization in 1 ms
2021-10-08 13:18:56.201  INFO 463759 --- [http-nio-8600-exec-1] com.zaxxer.hikari.HikariDataSource       : HikariPool-1 - Starting...
2021-10-08 13:18:56.293  INFO 463759 --- [http-nio-8600-exec-1] com.zaxxer.hikari.HikariDataSource       : HikariPool-1 - Start completed.
2021-10-08 16:52:57.581  INFO 463759 --- [SpringApplicationShutdownHook] com.zaxxer.hikari.HikariDataSource       : HikariPool-1 - Shutdown initiated...
2021-10-08 16:52:57.587  INFO 463759 --- [SpringApplicationShutdownHook] com.zaxxer.hikari.HikariDataSource       : HikariPool-1 - Shutdown completed.
2021-10-08 16:53:06.408  INFO 497847 --- [main] .a.t.e.TikOnlineJudgeExecutorApplication : Starting TikOnlineJudgeExecutorApplication using Java 1.8.0_292 on light-w650kjkk with PID 497847 (/home/light/code/tik-online-judge/tik-online-judge-executor/target/classes started by light in /home/light/code/tik-online-judge)
2021-10-08 16:53:06.410  INFO 497847 --- [main] .a.t.e.TikOnlineJudgeExecutorApplication : No active profile set, falling back to default profiles: default
2021-10-08 16:53:07.333  INFO 497847 --- [main] o.s.b.w.embedded.tomcat.TomcatWebServer  : Tomcat initialized with port(s): 8600 (http)
2021-10-08 16:53:07.339  INFO 497847 --- [main] o.apache.catalina.core.StandardService   : Starting service [Tomcat]
2021-10-08 16:53:07.340  INFO 497847 --- [main] org.apache.catalina.core.StandardEngine  : Starting Servlet engine: [Apache Tomcat/9.0.52]
2021-10-08 16:53:07.397  INFO 497847 --- [main] o.a.c.c.C.[Tomcat].[localhost].[/]       : Initializing Spring embedded WebApplicationContext
2021-10-08 16:53:07.397  INFO 497847 --- [main] w.s.c.ServletWebServerApplicationContext : Root WebApplicationContext: initialization completed in 942 ms
2021-10-08 16:53:08.271  INFO 497847 --- [main] o.s.b.w.embedded.tomcat.TomcatWebServer  : Tomcat started on port(s): 8600 (http) with context path ''
2021-10-08 16:53:08.278  INFO 497847 --- [main] .a.t.e.TikOnlineJudgeExecutorApplication : Started TikOnlineJudgeExecutorApplication in 2.324 seconds (JVM running for 3.218)
2021-10-08 16:55:08.330  INFO 497847 --- [http-nio-8600-exec-1] o.a.c.c.C.[Tomcat].[localhost].[/]       : Initializing Spring DispatcherServlet 'dispatcherServlet'
2021-10-08 16:55:08.331  INFO 497847 --- [http-nio-8600-exec-1] o.s.web.servlet.DispatcherServlet        : Initializing Servlet 'dispatcherServlet'
2021-10-08 16:55:08.332  INFO 497847 --- [http-nio-8600-exec-1] o.s.web.servlet.DispatcherServlet        : Completed initialization in 1 ms
2021-10-08 16:55:08.405  INFO 497847 --- [http-nio-8600-exec-1] com.zaxxer.hikari.HikariDataSource       : HikariPool-1 - Starting...
2021-10-08 16:55:08.500  INFO 497847 --- [http-nio-8600-exec-1] com.zaxxer.hikari.HikariDataSource       : HikariPool-1 - Start completed.
2021-10-08 16:56:37.999  INFO 497847 --- [SpringApplicationShutdownHook] com.zaxxer.hikari.HikariDataSource       : HikariPool-1 - Shutdown initiated...
2021-10-08 16:56:38.006  INFO 497847 --- [SpringApplicationShutdownHook] com.zaxxer.hikari.HikariDataSource       : HikariPool-1 - Shutdown completed.
2021-10-08 16:56:42.736  INFO 500839 --- [main] .a.t.e.TikOnlineJudgeExecutorApplication : Starting TikOnlineJudgeExecutorApplication using Java 1.8.0_292 on light-w650kjkk with PID 500839 (/home/light/code/tik-online-judge/tik-online-judge-executor/target/classes started by light in /home/light/code/tik-online-judge)
2021-10-08 16:56:42.738  INFO 500839 --- [main] .a.t.e.TikOnlineJudgeExecutorApplication : No active profile set, falling back to default profiles: default
2021-10-08 16:56:43.657  INFO 500839 --- [main] o.s.b.w.embedded.tomcat.TomcatWebServer  : Tomcat initialized with port(s): 8600 (http)
2021-10-08 16:56:43.663  INFO 500839 --- [main] o.apache.catalina.core.StandardService   : Starting service [Tomcat]
2021-10-08 16:56:43.664  INFO 500839 --- [main] org.apache.catalina.core.StandardEngine  : Starting Servlet engine: [Apache Tomcat/9.0.52]
2021-10-08 16:56:43.716  INFO 500839 --- [main] o.a.c.c.C.[Tomcat].[localhost].[/]       : Initializing Spring embedded WebApplicationContext
2021-10-08 16:56:43.717  INFO 500839 --- [main] w.s.c.ServletWebServerApplicationContext : Root WebApplicationContext: initialization completed in 928 ms
2021-10-08 16:56:44.515  INFO 500839 --- [main] o.s.b.w.embedded.tomcat.TomcatWebServer  : Tomcat started on port(s): 8600 (http) with context path ''
2021-10-08 16:56:44.522  INFO 500839 --- [main] .a.t.e.TikOnlineJudgeExecutorApplication : Started TikOnlineJudgeExecutorApplication in 2.196 seconds (JVM running for 2.876)
2021-10-08 16:56:52.492  INFO 500839 --- [http-nio-8600-exec-1] o.a.c.c.C.[Tomcat].[localhost].[/]       : Initializing Spring DispatcherServlet 'dispatcherServlet'
2021-10-08 16:56:52.492  INFO 500839 --- [http-nio-8600-exec-1] o.s.web.servlet.DispatcherServlet        : Initializing Servlet 'dispatcherServlet'
2021-10-08 16:56:52.493  INFO 500839 --- [http-nio-8600-exec-1] o.s.web.servlet.DispatcherServlet        : Completed initialization in 1 ms
2021-10-08 16:56:52.568  INFO 500839 --- [http-nio-8600-exec-1] com.zaxxer.hikari.HikariDataSource       : HikariPool-1 - Starting...
2021-10-08 16:56:52.645  INFO 500839 --- [http-nio-8600-exec-1] com.zaxxer.hikari.HikariDataSource       : HikariPool-1 - Start completed.
